<?xml version="1.0" encoding="UTF-8"?>
<testng-results skipped="0" failed="0" total="1" passed="1">
  <reporter-output>
  </reporter-output>
  <suite name="Default suite" duration-ms="40308" started-at="2017-06-10T07:52:14Z" finished-at="2017-06-10T07:52:54Z">
    <groups>
      <group name="regression">
        <method signature="Scenario_Search.testvalidSearch(java.util.Map)[pri:0, instance:Scenario_Component.Scenario_Search@cc285f4]" name="testvalidSearch" class="Scenario_Component.Scenario_Search"/>
      </group> <!-- regression -->
      <group name="smoke">
        <method signature="Scenario_Search.testInvalidSearch(java.util.Map)[pri:0, instance:Scenario_Component.Scenario_Search@cc285f4]" name="testInvalidSearch" class="Scenario_Component.Scenario_Search"/>
      </group> <!-- smoke -->
    </groups>
    <test name="Default test" duration-ms="40308" started-at="2017-06-10T07:52:14Z" finished-at="2017-06-10T07:52:54Z">
      <class name="Scenario_Component.Scenario_Search">
        <test-method status="PASS" signature="testInvalidSearch(java.util.Map)[pri:0, instance:Scenario_Component.Scenario_Search@cc285f4]" name="testInvalidSearch" duration-ms="40048" started-at="2017-06-10T13:22:14Z" data-provider="dp_InvalidSearch" finished-at="2017-06-10T13:22:54Z">
          <params>
            <param index="0">
              <value>
                <![CDATA[{Execute_Flag=Y, TC_ID=GB_01, Script_name=InvalidSearch, Search_Item=###, Exp_Result=Sorry! There are no products to display., Order_Set=1.0}]]>
              </value>
            </param>
          </params>
          <reporter-output>
          </reporter-output>
        </test-method> <!-- testInvalidSearch -->
      </class> <!-- Scenario_Component.Scenario_Search -->
    </test> <!-- Default test -->
  </suite> <!-- Default suite -->
</testng-results>
